<?xml version="1.0" encoding="UTF-8"?>
<!-- Generated by org.testng.reporters.JUnitXMLReporter -->
<testsuite ignored="0" hostname="DESKTOP-LMD9HKH" failures="0" tests="1" name="TC_02" time="0.023" errors="0" timestamp="2021-09-28T08:59:55 IST">
  <testcase classname="utility.baseclass" name="@BeforeSuite setup" time="0.021">
    <failure type="java.lang.NullPointerException" message="Cannot invoke &amp;quot;java.util.Properties.load(java.io.Reader)&amp;quot; because &amp;quot;utility.baseclass.p&amp;quot; is null">
      <![CDATA[java.lang.NullPointerException: Cannot invoke "java.util.Properties.load(java.io.Reader)" because "utility.baseclass.p" is null
at utility.baseclass.setup(baseclass.java:66)
... Removed 19 stack frames]]>
    </failure>
  </testcase> <!-- @BeforeSuite setup -->
  <testcase classname="utility.baseclass" name="@BeforeTest LaunchBrowser" time="-1.632799795701E9">
    <skipped/>
  </testcase> <!-- @BeforeTest LaunchBrowser -->
  <testcase classname="test.TC_02_verifysignin" name="verifysignin" time="0.0">
    <skipped/>
  </testcase> <!-- verifysignin -->
</testsuite> <!-- TC_02 -->
