<?xml version="1.0" encoding="UTF-8"?>
<testng-results total="1" passed="1" failed="0" skipped="0">
  <reporter-output>
  </reporter-output>
  <suite started-at="2021-10-28T03:10:02Z" name="Regression" finished-at="2021-10-28T03:11:33Z" duration-ms="90422">
    <groups>
    </groups>
    <test started-at="2021-10-28T03:10:02Z" name="TC_01" finished-at="2021-10-28T03:11:33Z" duration-ms="90422">
      <class name="test.TC_01_createaccount">
        <test-method is-config="true" signature="setup(java.lang.String)[pri:0, instance:test.TC_01_createaccount@616ac46a]" started-at="2021-10-28T08:40:02Z" name="setup" finished-at="2021-10-28T08:40:02Z" duration-ms="22" status="PASS">
          <params>
            <param index="0">
              <value>
                <![CDATA[prod]]>
              </value>
            </param>
          </params>
          <reporter-output>
          </reporter-output>
        </test-method> <!-- setup -->
        <test-method is-config="true" signature="LaunchBrowser(java.lang.String, java.lang.String)[pri:0, instance:test.TC_01_createaccount@616ac46a]" started-at="2021-10-28T08:40:02Z" name="LaunchBrowser" finished-at="2021-10-28T08:41:27Z" duration-ms="85107" status="PASS">
          <params>
            <param index="0">
              <value>
                <![CDATA[Chrome]]>
              </value>
            </param>
            <param index="1">
              <value>
                <![CDATA[true]]>
              </value>
            </param>
          </params>
          <reporter-output>
          </reporter-output>
        </test-method> <!-- LaunchBrowser -->
        <test-method signature="createaccount(java.lang.String, java.lang.String)[pri:0, instance:test.TC_01_createaccount@616ac46a]" started-at="2021-10-28T08:41:27Z" name="createaccount" finished-at="2021-10-28T08:41:33Z" duration-ms="5300" status="PASS">
          <params>
            <param index="0">
              <value>
                <![CDATA[Chrome]]>
              </value>
            </param>
            <param index="1">
              <value>
                <![CDATA[true]]>
              </value>
            </param>
          </params>
          <reporter-output>
          </reporter-output>
        </test-method> <!-- createaccount -->
      </class> <!-- test.TC_01_createaccount -->
    </test> <!-- TC_01 -->
  </suite> <!-- Regression -->
</testng-results>
