<?xml version="1.0" encoding="UTF-8"?>
<testng-results ignored="0" total="1" passed="1" failed="0" skipped="0">
  <reporter-output>
  </reporter-output>
  <suite started-at="2021-10-14T08:56:41 IST" name="Regression" finished-at="2021-10-14T08:57:39 IST" duration-ms="57670">
    <groups>
    </groups>
    <test started-at="2021-10-14T08:56:41 IST" name="TC_01" finished-at="2021-10-14T08:57:39 IST" duration-ms="57670">
      <class name="test.TC_01_createaccount">
        <test-method is-config="true" signature="setup(java.lang.String)[pri:0, instance:test.TC_01_createaccount@5f9b2141]" started-at="2021-10-14T08:56:41 IST" name="setup" finished-at="2021-10-14T08:56:41 IST" duration-ms="22" status="PASS">
          <params>
            <param index="0">
              <value>
                <![CDATA[prod]]>
              </value>
            </param>
          </params>
          <reporter-output>
          </reporter-output>
        </test-method> <!-- setup -->
        <test-method is-config="true" signature="LaunchBrowser(java.lang.String,java.lang.String)[pri:0, instance:test.TC_01_createaccount@5f9b2141]" started-at="2021-10-14T08:56:41 IST" name="LaunchBrowser" finished-at="2021-10-14T08:57:35 IST" duration-ms="54304" status="PASS">
          <params>
            <param index="0">
              <value>
                <![CDATA[Chrome]]>
              </value>
            </param>
            <param index="1">
              <value>
                <![CDATA[true]]>
              </value>
            </param>
          </params>
          <reporter-output>
          </reporter-output>
        </test-method> <!-- LaunchBrowser -->
        <test-method signature="createaccount(java.lang.String,java.lang.String)[pri:0, instance:test.TC_01_createaccount@5f9b2141]" started-at="2021-10-14T08:57:35 IST" name="createaccount" finished-at="2021-10-14T08:57:39 IST" duration-ms="3285" status="PASS">
          <params>
            <param index="0">
              <value>
                <![CDATA[Chrome]]>
              </value>
            </param>
            <param index="1">
              <value>
                <![CDATA[true]]>
              </value>
            </param>
          </params>
          <reporter-output>
          </reporter-output>
        </test-method> <!-- createaccount -->
      </class> <!-- test.TC_01_createaccount -->
    </test> <!-- TC_01 -->
  </suite> <!-- Regression -->
</testng-results>
